<?xml version="1.0" encoding="UTF-8"?>
<!-- Generated by org.testng.reporters.JUnitReportReporter -->
<testsuite hostname="naveen-PC" name="com.ghtest.ngtests.NewTest1" tests="1" failures="0" timestamp="25 May 2016 02:00:26 GMT" time="17.419" errors="0">
  <testcase name="testCheckoutText" time="17.419" classname="com.ghtest.ngtests.NewTest1"/>
</testsuite> <!-- com.ghtest.ngtests.NewTest1 -->
